{
  "RSpec": {
    "coverage": {
      "/home/vayutech/workspace/braintree/app/models/payment.rb": [
        1,
        null
      ],
      "/home/vayutech/workspace/braintree/app/controllers/payments_controller.rb": [
        0,
        0,
        0,
        0,
        0,
        0,
        0,
        0,
        0,
        0,
        0,
        0,
        0,
        0,
        0,
        0,
        0,
        0,
        0,
        0,
        0,
        0,
        0,
        0,
        0,
        0,
        0,
        0,
        0,
        0,
        0,
        0,
        0,
        0,
        0,
        0,
        0,
        0,
        0,
        0,
        0,
        0,
        0,
        0,
        0,
        0,
        0,
        0,
        0,
        0,
        0,
        0,
        0,
        0,
        0,
        0,
        0,
        0,
        0,
        0,
        0,
        0,
        0,
        0,
        0,
        0,
        0,
        0,
        0,
        0,
        0,
        0,
        0,
        0,
        0,
        0,
        0,
        0,
        0,
        0,
        0,
        0,
        0,
        0,
        0,
        0,
        0,
        0
      ],
      "/home/vayutech/workspace/braintree/app/jobs/application_job.rb": [
        0,
        0
      ],
      "/home/vayutech/workspace/braintree/app/mailers/application_mailer.rb": [
        0,
        0,
        0,
        0
      ],
      "/home/vayutech/workspace/braintree/app/channels/application_cable/channel.rb": [
        0,
        0,
        0,
        0
      ],
      "/home/vayutech/workspace/braintree/app/channels/application_cable/connection.rb": [
        0,
        0,
        0,
        0
      ],
      "/home/vayutech/workspace/braintree/app/helpers/application_helper.rb": [
        0,
        0,
        0,
        0,
        0,
        0,
        0,
        0,
        0,
        0,
        0,
        0,
        0,
        0,
        0,
        0,
        0
      ]
    },
    "timestamp": 1524070737
  }
}
